<?xml version="1.0" encoding="UTF-8"?>
<!-- Generated by org.testng.reporters.JUnitXMLReporter -->
<testsuite ignored="0" hostname="DESKTOP-MPAB7OL" failures="0" tests="4" name="Surefire test" time="0.087" errors="0" timestamp="2023-11-04T09:47:34 IST">
  <testcase classname="com.lbrce.cseb.UserValidationTest" name="testCase1" time="0.033"/>
  <testcase classname="com.lbrce.cseb.UserValidationTest" name="testCase2" time="0.001"/>
  <testcase classname="com.lbrce.cseb.UserValidationTest" name="testCase3" time="0.001"/>
  <testcase classname="com.lbrce.cseb.UserValidationTest" name="testCase5" time="0.001"/>
</testsuite> <!-- Surefire test -->
