<?xml version="1.0" encoding="UTF-8"?>
<testng-results ignored="0" total="4" passed="4" failed="0" skipped="0">
  <reporter-output>
  </reporter-output>
  <suite started-at="2023-11-04T09:47:34 IST" name="Surefire suite" finished-at="2023-11-04T09:47:34 IST" duration-ms="87">
    <groups>
    </groups>
    <test started-at="2023-11-04T09:47:34 IST" name="Surefire test" finished-at="2023-11-04T09:47:34 IST" duration-ms="87">
      <class name="com.lbrce.cseb.UserValidationTest">
        <test-method signature="testCase1()[pri:0, instance:com.lbrce.cseb.UserValidationTest@52e677af]" started-at="2023-11-04T09:47:34 IST" name="testCase1" finished-at="2023-11-04T09:47:34 IST" duration-ms="33" status="PASS">
          <reporter-output>
          </reporter-output>
        </test-method> <!-- testCase1 -->
        <test-method signature="testCase2()[pri:0, instance:com.lbrce.cseb.UserValidationTest@52e677af]" started-at="2023-11-04T09:47:34 IST" name="testCase2" finished-at="2023-11-04T09:47:34 IST" duration-ms="1" status="PASS">
          <reporter-output>
          </reporter-output>
        </test-method> <!-- testCase2 -->
        <test-method signature="testCase3()[pri:0, instance:com.lbrce.cseb.UserValidationTest@52e677af]" started-at="2023-11-04T09:47:34 IST" name="testCase3" finished-at="2023-11-04T09:47:34 IST" duration-ms="1" status="PASS">
          <reporter-output>
          </reporter-output>
        </test-method> <!-- testCase3 -->
        <test-method signature="testCase5()[pri:0, instance:com.lbrce.cseb.UserValidationTest@52e677af]" started-at="2023-11-04T09:47:34 IST" name="testCase5" finished-at="2023-11-04T09:47:34 IST" duration-ms="1" status="PASS">
          <reporter-output>
          </reporter-output>
        </test-method> <!-- testCase5 -->
      </class> <!-- com.lbrce.cseb.UserValidationTest -->
    </test> <!-- Surefire test -->
  </suite> <!-- Surefire suite -->
</testng-results>
